0 info it worked if it ends with ok
1 verbose cli [ 'node',
1 verbose cli   '/usr/local/bin/npm',
1 verbose cli   'install',
1 verbose cli   'compass_twitter_bootstrap' ]
2 info using npm@1.2.15
3 info using node@v0.10.1
4 verbose read json /Users/Thoughtworks/rails_projects/Studios/Wingle/another_ng_wingle/package.json
5 warn package.json another-ng-wingle@0.0.0 No README.md file found!
6 verbose read json /Users/Thoughtworks/rails_projects/Studios/Wingle/another_ng_wingle/node_modules/grunt/package.json
7 verbose read json /Users/Thoughtworks/rails_projects/Studios/Wingle/another_ng_wingle/node_modules/grunt-bower-hooks/package.json
8 verbose read json /Users/Thoughtworks/rails_projects/Studios/Wingle/another_ng_wingle/node_modules/grunt-contrib-clean/package.json
9 verbose read json /Users/Thoughtworks/rails_projects/Studios/Wingle/another_ng_wingle/node_modules/grunt-contrib-coffee/package.json
10 verbose read json /Users/Thoughtworks/rails_projects/Studios/Wingle/another_ng_wingle/node_modules/grunt-contrib-compass/package.json
11 verbose read json /Users/Thoughtworks/rails_projects/Studios/Wingle/another_ng_wingle/node_modules/grunt-contrib-concat/package.json
12 verbose read json /Users/Thoughtworks/rails_projects/Studios/Wingle/another_ng_wingle/node_modules/grunt-contrib-connect/package.json
13 verbose read json /Users/Thoughtworks/rails_projects/Studios/Wingle/another_ng_wingle/node_modules/grunt-contrib-copy/package.json
14 verbose read json /Users/Thoughtworks/rails_projects/Studios/Wingle/another_ng_wingle/node_modules/grunt-contrib-htmlmin/package.json
15 verbose read json /Users/Thoughtworks/rails_projects/Studios/Wingle/another_ng_wingle/node_modules/grunt-contrib-imagemin/package.json
16 verbose read json /Users/Thoughtworks/rails_projects/Studios/Wingle/another_ng_wingle/node_modules/grunt-contrib-jshint/package.json
17 verbose read json /Users/Thoughtworks/rails_projects/Studios/Wingle/another_ng_wingle/node_modules/grunt-contrib-livereload/package.json
18 verbose read json /Users/Thoughtworks/rails_projects/Studios/Wingle/another_ng_wingle/node_modules/grunt-contrib-mincss/package.json
19 verbose read json /Users/Thoughtworks/rails_projects/Studios/Wingle/another_ng_wingle/node_modules/grunt-contrib-uglify/package.json
20 verbose read json /Users/Thoughtworks/rails_projects/Studios/Wingle/another_ng_wingle/node_modules/grunt-google-cdn/package.json
21 verbose read json /Users/Thoughtworks/rails_projects/Studios/Wingle/another_ng_wingle/node_modules/grunt-karma/package.json
22 verbose read json /Users/Thoughtworks/rails_projects/Studios/Wingle/another_ng_wingle/node_modules/grunt-ngmin/package.json
23 verbose read json /Users/Thoughtworks/rails_projects/Studios/Wingle/another_ng_wingle/node_modules/grunt-open/package.json
24 verbose read json /Users/Thoughtworks/rails_projects/Studios/Wingle/another_ng_wingle/node_modules/grunt-regarde/package.json
25 verbose read json /Users/Thoughtworks/rails_projects/Studios/Wingle/another_ng_wingle/node_modules/grunt-usemin/package.json
26 verbose read json /Users/Thoughtworks/rails_projects/Studios/Wingle/another_ng_wingle/node_modules/matchdep/package.json
27 verbose from cache /Users/Thoughtworks/rails_projects/Studios/Wingle/another_ng_wingle/package.json
28 verbose readDependencies using package.json deps
29 verbose cache add [ 'compass_twitter_bootstrap', null ]
30 verbose cache add name=undefined spec="compass_twitter_bootstrap" args=["compass_twitter_bootstrap",null]
31 verbose parsed url { protocol: null,
31 verbose parsed url   slashes: null,
31 verbose parsed url   auth: null,
31 verbose parsed url   host: null,
31 verbose parsed url   port: null,
31 verbose parsed url   hostname: null,
31 verbose parsed url   hash: null,
31 verbose parsed url   search: null,
31 verbose parsed url   query: null,
31 verbose parsed url   pathname: 'compass_twitter_bootstrap',
31 verbose parsed url   path: 'compass_twitter_bootstrap',
31 verbose parsed url   href: 'compass_twitter_bootstrap' }
32 silly lockFile 09c7b42e-compass-twitter-bootstrap compass_twitter_bootstrap
33 verbose lock compass_twitter_bootstrap /Users/Thoughtworks/.npm/09c7b42e-compass-twitter-bootstrap.lock
34 silly lockFile 09c7b42e-compass-twitter-bootstrap compass_twitter_bootstrap
35 silly lockFile 09c7b42e-compass-twitter-bootstrap compass_twitter_bootstrap
36 verbose addNamed [ 'compass_twitter_bootstrap', '' ]
37 verbose addNamed [ null, '' ]
38 silly lockFile 2aa9c6e0-compass-twitter-bootstrap compass_twitter_bootstrap@
39 verbose lock compass_twitter_bootstrap@ /Users/Thoughtworks/.npm/2aa9c6e0-compass-twitter-bootstrap.lock
40 silly addNameRange { name: 'compass_twitter_bootstrap', range: '', hasData: false }
41 verbose url raw compass_twitter_bootstrap
42 verbose url resolving [ 'https://registry.npmjs.org/', './compass_twitter_bootstrap' ]
43 verbose url resolved https://registry.npmjs.org/compass_twitter_bootstrap
44 info trying registry request attempt 1 at 09:14:34
45 http GET https://registry.npmjs.org/compass_twitter_bootstrap
46 http 404 https://registry.npmjs.org/compass_twitter_bootstrap
47 silly registry.get cb [ 404,
47 silly registry.get   { server: 'CouchDB/1.2.1 (Erlang OTP/R15B03)',
47 silly registry.get     date: 'Tue, 26 Mar 2013 16:14:25 GMT',
47 silly registry.get     'content-type': 'application/json',
47 silly registry.get     'content-length': '52',
47 silly registry.get     'cache-control': 'must-revalidate' } ]
48 silly lockFile 2aa9c6e0-compass-twitter-bootstrap compass_twitter_bootstrap@
49 silly lockFile 2aa9c6e0-compass-twitter-bootstrap compass_twitter_bootstrap@
50 error 404 'compass_twitter_bootstrap' is not in the npm registry.
50 error 404 You should bug the author to publish it
50 error 404
50 error 404 Note that you can also install from a
50 error 404 tarball, folder, or http url, or git url.
51 error System Darwin 12.3.0
52 error command "node" "/usr/local/bin/npm" "install" "compass_twitter_bootstrap"
53 error cwd /Users/Thoughtworks/rails_projects/Studios/Wingle/another_ng_wingle
54 error node -v v0.10.1
55 error npm -v 1.2.15
56 error code E404
57 verbose exit [ 1, true ]
